[debug] [2024-04-09T08:49:56.581Z] ----------------------------------------------------------------------
[debug] [2024-04-09T08:49:56.583Z] Command:       C:\Program Files\nodejs\node.exe C:\Users\ASUS\AppData\Roaming\npm\node_modules\firebase-tools\lib\bin\firebase.js init
[debug] [2024-04-09T08:49:56.583Z] CLI Version:   13.7.1
[debug] [2024-04-09T08:49:56.584Z] Platform:      win32
[debug] [2024-04-09T08:49:56.584Z] Node Version:  v20.11.1
[debug] [2024-04-09T08:49:56.584Z] Time:          Tue Apr 09 2024 15:49:56 GMT+0700 (Indochina Time)
[debug] [2024-04-09T08:49:56.584Z] ----------------------------------------------------------------------
[debug] 
[debug] [2024-04-09T08:49:56.589Z] > command requires scopes: ["email","openid","https://www.googleapis.com/auth/cloudplatformprojects.readonly","https://www.googleapis.com/auth/firebase","https://www.googleapis.com/auth/cloud-platform"]
[debug] [2024-04-09T08:49:56.590Z] > authorizing via signed-in user (longdv.sefamedia@gmail.com)
[info] 
     ######## #### ########  ######## ########     ###     ######  ########
     ##        ##  ##     ## ##       ##     ##  ##   ##  ##       ##
     ######    ##  ########  ######   ########  #########  ######  ######
     ##        ##  ##    ##  ##       ##     ## ##     ##       ## ##
     ##       #### ##     ## ######## ########  ##     ##  ######  ########

You're about to initialize a Firebase project in this directory:

  C:\Users\ASUS\OneDrive\Desktop\Eprint_v1\ePrint_be_v1

[info] 
=== Project Setup
[info] 
[info] First, let's associate this project directory with a Firebase project.
[info] You can create multiple project aliases by running firebase use --add, 
[info] but for now we'll just set up a default project.
[info] 
[debug] [2024-04-09T08:51:32.798Z] >>> [apiv2][query] GET https://firebase.googleapis.com/v1beta1/projects pageSize=100
[debug] [2024-04-09T08:51:33.419Z] <<< [apiv2][status] GET https://firebase.googleapis.com/v1beta1/projects 200
[debug] [2024-04-09T08:51:33.420Z] <<< [apiv2][body] GET https://firebase.googleapis.com/v1beta1/projects [omitted]
[info] i  Using project eprint-7292d (EPrint) 
[info] 
=== Hosting Setup
[debug] [2024-04-09T08:51:37.537Z] >>> [apiv2][query] GET https://firebase.googleapis.com/v1beta1/projects/eprint-7292d [none]
[debug] [2024-04-09T08:51:37.807Z] <<< [apiv2][status] GET https://firebase.googleapis.com/v1beta1/projects/eprint-7292d 200
[debug] [2024-04-09T08:51:37.807Z] <<< [apiv2][body] GET https://firebase.googleapis.com/v1beta1/projects/eprint-7292d {"projectId":"eprint-7292d","projectNumber":"335361606316","displayName":"EPrint","name":"projects/eprint-7292d","resources":{"hostingSite":"eprint-7292d","storageBucket":"eprint-7292d.appspot.com","locationId":"us-central"},"state":"ACTIVE","etag":"1_9634c16a-e798-4e53-bf53-f1d0ac37ab7b"}
[info] 
[info] Your public directory is the folder (relative to your project directory) that
[info] will contain Hosting assets to be uploaded with firebase deploy. If you
[info] have a build process for your assets, use your build's output directory.
[info] 
[debug] [2024-04-09T08:51:55.238Z] >>> [apiv2][query] GET https://www.gstatic.com/firebasejs/releases.json [none]
[debug] [2024-04-09T08:51:55.332Z] <<< [apiv2][status] GET https://www.gstatic.com/firebasejs/releases.json 200
[debug] [2024-04-09T08:51:55.332Z] <<< [apiv2][body] GET https://www.gstatic.com/firebasejs/releases.json {"current":{"version":"10.10.0","browserURL":"https://www.gstatic.com/firebasejs/10.10.0/firebase.js","packageURL":"https://www.gstatic.com/firebasejs/10.10.0/firebase.tgz"},"live":{"version":"10.10","browserURL":"https://www.gstatic.com/firebasejs/live/10.10/firebase.js","packageURL":"https://www.gstatic.com/firebasejs/live/10.10/firebase.tgz"},"components":{"analytics":"https://www.gstatic.com/firebasejs/10.10.0/firebase-analytics.js","app":"https://www.gstatic.com/firebasejs/10.10.0/firebase-app.js","app-check":"https://www.gstatic.com/firebasejs/10.10.0/firebase-app-check.js","auth":"https://www.gstatic.com/firebasejs/10.10.0/firebase-auth.js","auth/cordova":"https://www.gstatic.com/firebasejs/10.10.0/firebase-auth/cordova.js","auth/web-extension":"https://www.gstatic.com/firebasejs/10.10.0/firebase-auth/web-extension.js","functions":"https://www.gstatic.com/firebasejs/10.10.0/firebase-functions.js","firestore":"https://www.gstatic.com/firebasejs/10.10.0/firebase-firestore.js","firestore/lite":"https://www.gstatic.com/firebasejs/10.10.0/firebase-firestore/lite.js","installations":"https://www.gstatic.com/firebasejs/10.10.0/firebase-installations.js","storage":"https://www.gstatic.com/firebasejs/10.10.0/firebase-storage.js","performance":"https://www.gstatic.com/firebasejs/10.10.0/firebase-performance.js","remote-config":"https://www.gstatic.com/firebasejs/10.10.0/firebase-remote-config.js","messaging":"https://www.gstatic.com/firebasejs/10.10.0/firebase-messaging.js","messaging/sw":"https://www.gstatic.com/firebasejs/10.10.0/firebase-messaging/sw.js","database":"https://www.gstatic.com/firebasejs/10.10.0/firebase-database.js","firestore.memory":"https://www.gstatic.com/firebasejs/10.10.0/firebase-firestore.memory.js"}}
[info] +  Wrote public/index.html 
[info] 
[info] i  Detected a .git folder at C:\Users\ASUS\OneDrive\Desktop\Eprint_v1\ePrint_be_v1 
[info] i  Authorizing with GitHub to upload your service account to a GitHub repository's secrets store. 
[info] 
[info] Visit this URL on this device to log in:
[info] https://github.com/login/oauth/authorize?client_id=89cf50f02ac6aaed3484&state=224820397&redirect_uri=http%3A%2F%2Flocalhost%3A9005&scope=read%3Auser%20repo%20public_repo
[info] 
[info] Waiting for authentication...
[debug] [2024-04-09T08:52:06.931Z] >>> [apiv2][query] POST https://github.com/login/oauth/access_token [none]
[debug] [2024-04-09T08:52:06.931Z] >>> [apiv2][body] POST https://github.com/login/oauth/access_token [stream]
[debug] [2024-04-09T08:52:07.475Z] <<< [apiv2][status] POST https://github.com/login/oauth/access_token 200
[debug] [2024-04-09T08:52:07.475Z] <<< [apiv2][body] POST https://github.com/login/oauth/access_token {"access_token":"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","token_type":"bearer","scope":"read:user,repo"}
[debug] [2024-04-09T08:52:07.480Z] >>> [apiv2][query] GET https://api.github.com/user [none]
[debug] [2024-04-09T08:52:07.976Z] <<< [apiv2][status] GET https://api.github.com/user 200
[debug] [2024-04-09T08:52:07.977Z] <<< [apiv2][body] GET https://api.github.com/user {"login":"longvuduong","id":132525590,"node_id":"U_kgDOB-YuFg","avatar_url":"https://avatars.githubusercontent.com/u/132525590?v=4","gravatar_id":"","url":"https://api.github.com/users/longvuduong","html_url":"https://github.com/longvuduong","followers_url":"https://api.github.com/users/longvuduong/followers","following_url":"https://api.github.com/users/longvuduong/following{/other_user}","gists_url":"https://api.github.com/users/longvuduong/gists{/gist_id}","starred_url":"https://api.github.com/users/longvuduong/starred{/owner}{/repo}","subscriptions_url":"https://api.github.com/users/longvuduong/subscriptions","organizations_url":"https://api.github.com/users/longvuduong/orgs","repos_url":"https://api.github.com/users/longvuduong/repos","events_url":"https://api.github.com/users/longvuduong/events{/privacy}","received_events_url":"https://api.github.com/users/longvuduong/received_events","type":"User","site_admin":false,"name":null,"company":null,"blog":"","location":null,"email":null,"hireable":null,"bio":null,"twitter_username":null,"public_repos":6,"public_gists":0,"followers":0,"following":0,"created_at":"2023-05-04T00:18:03Z","updated_at":"2024-04-04T11:10:25Z","private_gists":0,"total_private_repos":1,"owned_private_repos":1,"disk_usage":47863,"collaborators":0,"two_factor_authentication":false,"plan":{"name":"free","space":976562499,"collaborators":0,"private_repos":10000}}
[info] 
[info] +  Success! Logged into GitHub as longvuduong 
[info] 
